{"/Users/markutley/Development/dungeon2/dungeon-api/src/middleware/apiDocs.ts": {"path":"/Users/markutley/Development/dungeon2/dungeon-api/src/middleware/apiDocs.ts","statementMap":{"0":{"start":{"line":2,"column":0},"end":{"line":2,"column":43}},"1":{"start":{"line":3,"column":0},"end":{"line":3,"column":53}},"2":{"start":{"line":5,"column":13},"end":{"line":7,"column":2}},"3":{"start":{"line":6,"column":2},"end":{"line":6,"column":77}}},"fnMap":{"0":{"name":"(anonymous_1)","decl":{"start":{"line":5,"column":29},"end":{"line":5,"column":30}},"loc":{"start":{"line":5,"column":54},"end":{"line":7,"column":1}}}},"branchMap":{},"s":{"0":1,"1":1,"2":1,"3":1},"f":{"0":1},"b":{}}
,"/Users/markutley/Development/dungeon2/dungeon-api/src/middleware/checks.ts": {"path":"/Users/markutley/Development/dungeon2/dungeon-api/src/middleware/checks.ts","statementMap":{"0":{"start":{"line":2,"column":0},"end":{"line":2,"column":51}},"1":{"start":{"line":3,"column":0},"end":{"line":3,"column":43}},"2":{"start":{"line":5,"column":13},"end":{"line":19,"column":2}},"3":{"start":{"line":10,"column":25},"end":{"line":10,"column":46}},"4":{"start":{"line":11,"column":24},"end":{"line":11,"column":45}},"5":{"start":{"line":12,"column":24},"end":{"line":12,"column":86}},"6":{"start":{"line":12,"column":55},"end":{"line":12,"column":85}},"7":{"start":{"line":14,"column":2},"end":{"line":18,"column":null}},"8":{"start":{"line":15,"column":4},"end":{"line":15,"column":87}},"9":{"start":{"line":17,"column":4},"end":{"line":17,"column":11}},"10":{"start":{"line":21,"column":13},"end":{"line":45,"column":2}},"11":{"start":{"line":25,"column":19},"end":{"line":45,"column":2}},"12":{"start":{"line":26,"column":2},"end":{"line":44,"column":null}},"13":{"start":{"line":27,"column":32},"end":{"line":27,"column":40}},"14":{"start":{"line":28,"column":17},"end":{"line":28,"column":46}},"15":{"start":{"line":30,"column":4},"end":{"line":32,"column":null}},"16":{"start":{"line":31,"column":6},"end":{"line":31,"column":60}},"17":{"start":{"line":34,"column":26},"end":{"line":34,"column":59}},"18":{"start":{"line":36,"column":4},"end":{"line":38,"column":null}},"19":{"start":{"line":37,"column":6},"end":{"line":37,"column":60}},"20":{"start":{"line":40,"column":4},"end":{"line":40,"column":20}},"21":{"start":{"line":41,"column":4},"end":{"line":41,"column":11}},"22":{"start":{"line":43,"column":4},"end":{"line":43,"column":16}},"23":{"start":{"line":47,"column":13},"end":{"line":70,"column":2}},"24":{"start":{"line":51,"column":19},"end":{"line":70,"column":2}},"25":{"start":{"line":52,"column":2},"end":{"line":69,"column":null}},"26":{"start":{"line":53,"column":30},"end":{"line":53,"column":41}},"27":{"start":{"line":55,"column":4},"end":{"line":57,"column":null}},"28":{"start":{"line":56,"column":6},"end":{"line":56,"column":61}},"29":{"start":{"line":59,"column":17},"end":{"line":59,"column":60}},"30":{"start":{"line":61,"column":4},"end":{"line":63,"column":null}},"31":{"start":{"line":62,"column":6},"end":{"line":62,"column":61}},"32":{"start":{"line":65,"column":4},"end":{"line":65,"column":20}},"33":{"start":{"line":66,"column":4},"end":{"line":66,"column":11}},"34":{"start":{"line":68,"column":4},"end":{"line":68,"column":16}},"35":{"start":{"line":72,"column":13},"end":{"line":88,"column":2}},"36":{"start":{"line":76,"column":19},"end":{"line":88,"column":2}},"37":{"start":{"line":77,"column":2},"end":{"line":87,"column":null}},"38":{"start":{"line":78,"column":22},"end":{"line":78,"column":30}},"39":{"start":{"line":79,"column":22},"end":{"line":79,"column":51}},"40":{"start":{"line":80,"column":4},"end":{"line":82,"column":null}},"41":{"start":{"line":81,"column":6},"end":{"line":81,"column":70}},"42":{"start":{"line":84,"column":4},"end":{"line":84,"column":11}},"43":{"start":{"line":86,"column":4},"end":{"line":86,"column":16}},"44":{"start":{"line":90,"column":13},"end":{"line":101,"column":2}},"45":{"start":{"line":95,"column":20},"end":{"line":95,"column":28}},"46":{"start":{"line":96,"column":2},"end":{"line":98,"column":null}},"47":{"start":{"line":97,"column":4},"end":{"line":97,"column":63}},"48":{"start":{"line":100,"column":2},"end":{"line":100,"column":9}},"49":{"start":{"line":103,"column":13},"end":{"line":122,"column":2}},"50":{"start":{"line":107,"column":19},"end":{"line":122,"column":2}},"51":{"start":{"line":108,"column":2},"end":{"line":121,"column":null}},"52":{"start":{"line":109,"column":22},"end":{"line":109,"column":30}},"53":{"start":{"line":110,"column":17},"end":{"line":110,"column":59}},"54":{"start":{"line":111,"column":25},"end":{"line":111,"column":70}},"55":{"start":{"line":113,"column":4},"end":{"line":115,"column":null}},"56":{"start":{"line":114,"column":6},"end":{"line":114,"column":52}},"57":{"start":{"line":117,"column":4},"end":{"line":117,"column":20}},"58":{"start":{"line":118,"column":4},"end":{"line":118,"column":11}},"59":{"start":{"line":120,"column":4},"end":{"line":120,"column":16}}},"fnMap":{"0":{"name":"(anonymous_8)","decl":{"start":{"line":5,"column":31},"end":{"line":5,"column":null}},"loc":{"start":{"line":9,"column":10},"end":{"line":19,"column":1}}},"1":{"name":"(anonymous_9)","decl":{"start":{"line":12,"column":46},"end":{"line":12,"column":51}},"loc":{"start":{"line":12,"column":55},"end":{"line":12,"column":85}}},"2":{"name":"(anonymous_10)","decl":{"start":{"line":21,"column":37},"end":{"line":21,"column":null}},"loc":{"start":{"line":25,"column":19},"end":{"line":45,"column":2}}},"3":{"name":"(anonymous_11)","decl":{"start":{"line":25,"column":19},"end":{"line":25,"column":null}},"loc":{"start":{"line":25,"column":19},"end":{"line":45,"column":1}}},"4":{"name":"(anonymous_12)","decl":{"start":{"line":47,"column":40},"end":{"line":47,"column":null}},"loc":{"start":{"line":51,"column":19},"end":{"line":70,"column":2}}},"5":{"name":"(anonymous_13)","decl":{"start":{"line":51,"column":19},"end":{"line":51,"column":null}},"loc":{"start":{"line":51,"column":19},"end":{"line":70,"column":1}}},"6":{"name":"(anonymous_14)","decl":{"start":{"line":72,"column":37},"end":{"line":72,"column":null}},"loc":{"start":{"line":76,"column":19},"end":{"line":88,"column":2}}},"7":{"name":"(anonymous_15)","decl":{"start":{"line":76,"column":19},"end":{"line":76,"column":null}},"loc":{"start":{"line":76,"column":19},"end":{"line":88,"column":1}}},"8":{"name":"(anonymous_16)","decl":{"start":{"line":90,"column":39},"end":{"line":90,"column":null}},"loc":{"start":{"line":94,"column":10},"end":{"line":101,"column":1}}},"9":{"name":"(anonymous_17)","decl":{"start":{"line":103,"column":39},"end":{"line":103,"column":null}},"loc":{"start":{"line":107,"column":19},"end":{"line":122,"column":2}}},"10":{"name":"(anonymous_18)","decl":{"start":{"line":107,"column":19},"end":{"line":107,"column":null}},"loc":{"start":{"line":107,"column":19},"end":{"line":122,"column":1}}}},"branchMap":{"0":{"loc":{"start":{"line":14,"column":2},"end":{"line":18,"column":null}},"type":"if","locations":[{"start":{"line":14,"column":2},"end":{"line":18,"column":null}},{"start":{"line":14,"column":2},"end":{"line":18,"column":null}}]},"1":{"loc":{"start":{"line":30,"column":4},"end":{"line":32,"column":null}},"type":"if","locations":[{"start":{"line":30,"column":4},"end":{"line":32,"column":null}},{"start":{"line":30,"column":4},"end":{"line":32,"column":null}}]},"2":{"loc":{"start":{"line":36,"column":4},"end":{"line":38,"column":null}},"type":"if","locations":[{"start":{"line":36,"column":4},"end":{"line":38,"column":null}},{"start":{"line":36,"column":4},"end":{"line":38,"column":null}}]},"3":{"loc":{"start":{"line":55,"column":4},"end":{"line":57,"column":null}},"type":"if","locations":[{"start":{"line":55,"column":4},"end":{"line":57,"column":null}},{"start":{"line":55,"column":4},"end":{"line":57,"column":null}}]},"4":{"loc":{"start":{"line":61,"column":4},"end":{"line":63,"column":null}},"type":"if","locations":[{"start":{"line":61,"column":4},"end":{"line":63,"column":null}},{"start":{"line":61,"column":4},"end":{"line":63,"column":null}}]},"5":{"loc":{"start":{"line":80,"column":4},"end":{"line":82,"column":null}},"type":"if","locations":[{"start":{"line":80,"column":4},"end":{"line":82,"column":null}},{"start":{"line":80,"column":4},"end":{"line":82,"column":null}}]},"6":{"loc":{"start":{"line":96,"column":2},"end":{"line":98,"column":null}},"type":"if","locations":[{"start":{"line":96,"column":2},"end":{"line":98,"column":null}},{"start":{"line":96,"column":2},"end":{"line":98,"column":null}}]},"7":{"loc":{"start":{"line":111,"column":36},"end":{"line":111,"column":38}},"type":"cond-expr","locations":[{"start":{"line":111,"column":36},"end":{"line":111,"column":38}},{"start":{"line":111,"column":36},"end":{"line":111,"column":56}}]},"8":{"loc":{"start":{"line":111,"column":31},"end":{"line":111,"column":38}},"type":"binary-expr","locations":[{"start":{"line":111,"column":31},"end":{"line":111,"column":38}},{"start":{"line":111,"column":36},"end":{"line":111,"column":38}}]},"9":{"loc":{"start":{"line":113,"column":4},"end":{"line":115,"column":null}},"type":"if","locations":[{"start":{"line":113,"column":4},"end":{"line":115,"column":null}},{"start":{"line":113,"column":4},"end":{"line":115,"column":null}}]},"10":{"loc":{"start":{"line":113,"column":8},"end":{"line":113,"column":13}},"type":"binary-expr","locations":[{"start":{"line":113,"column":8},"end":{"line":113,"column":13}},{"start":{"line":113,"column":17},"end":{"line":113,"column":29}}]}},"s":{"0":1,"1":1,"2":1,"3":0,"4":0,"5":0,"6":0,"7":0,"8":0,"9":0,"10":1,"11":0,"12":0,"13":0,"14":0,"15":0,"16":0,"17":0,"18":0,"19":0,"20":0,"21":0,"22":0,"23":1,"24":1,"25":1,"26":1,"27":1,"28":1,"29":0,"30":0,"31":0,"32":0,"33":0,"34":1,"35":1,"36":0,"37":0,"38":0,"39":0,"40":0,"41":0,"42":0,"43":0,"44":1,"45":0,"46":0,"47":0,"48":0,"49":1,"50":0,"51":0,"52":0,"53":0,"54":0,"55":0,"56":0,"57":0,"58":0,"59":0},"f":{"0":0,"1":0,"2":0,"3":0,"4":1,"5":1,"6":0,"7":0,"8":0,"9":0,"10":0},"b":{"0":[0,0],"1":[0,0],"2":[0,0],"3":[1,0],"4":[0,0],"5":[0,0],"6":[0,0],"7":[0,0],"8":[0,0],"9":[0,0],"10":[0,0]}}
,"/Users/markutley/Development/dungeon2/dungeon-api/src/middleware/common.ts": {"path":"/Users/markutley/Development/dungeon2/dungeon-api/src/middleware/common.ts","statementMap":{"0":{"start":{"line":2,"column":0},"end":{"line":2,"column":24}},"1":{"start":{"line":3,"column":0},"end":{"line":3,"column":33}},"2":{"start":{"line":4,"column":0},"end":{"line":4,"column":38}},"3":{"start":{"line":5,"column":0},"end":{"line":5,"column":37}},"4":{"start":{"line":7,"column":13},"end":{"line":9,"column":2}},"5":{"start":{"line":8,"column":2},"end":{"line":8,"column":56}},"6":{"start":{"line":11,"column":13},"end":{"line":14,"column":2}},"7":{"start":{"line":12,"column":2},"end":{"line":12,"column":52}},"8":{"start":{"line":13,"column":2},"end":{"line":13,"column":28}},"9":{"start":{"line":16,"column":13},"end":{"line":18,"column":2}},"10":{"start":{"line":17,"column":2},"end":{"line":17,"column":28}},"11":{"start":{"line":20,"column":13},"end":{"line":25,"column":2}},"12":{"start":{"line":21,"column":2},"end":{"line":24,"column":5}},"13":{"start":{"line":22,"column":4},"end":{"line":22,"column":59}},"14":{"start":{"line":23,"column":4},"end":{"line":23,"column":11}}},"fnMap":{"0":{"name":"(anonymous_1)","decl":{"start":{"line":7,"column":26},"end":{"line":7,"column":27}},"loc":{"start":{"line":7,"column":51},"end":{"line":9,"column":1}}},"1":{"name":"(anonymous_2)","decl":{"start":{"line":11,"column":33},"end":{"line":11,"column":34}},"loc":{"start":{"line":11,"column":58},"end":{"line":14,"column":1}}},"2":{"name":"(anonymous_3)","decl":{"start":{"line":16,"column":33},"end":{"line":16,"column":34}},"loc":{"start":{"line":16,"column":58},"end":{"line":18,"column":1}}},"3":{"name":"(anonymous_4)","decl":{"start":{"line":20,"column":26},"end":{"line":20,"column":27}},"loc":{"start":{"line":20,"column":51},"end":{"line":25,"column":1}}},"4":{"name":"(anonymous_5)","decl":{"start":{"line":21,"column":13},"end":{"line":21,"column":14}},"loc":{"start":{"line":21,"column":65},"end":{"line":24,"column":3}}}},"branchMap":{},"s":{"0":1,"1":1,"2":1,"3":1,"4":1,"5":1,"6":1,"7":1,"8":1,"9":1,"10":1,"11":1,"12":1,"13":1,"14":1},"f":{"0":1,"1":1,"2":1,"3":1,"4":1},"b":{}}
,"/Users/markutley/Development/dungeon2/dungeon-api/src/middleware/errorHandlers.ts": {"path":"/Users/markutley/Development/dungeon2/dungeon-api/src/middleware/errorHandlers.ts","statementMap":{"0":{"start":{"line":2,"column":0},"end":{"line":2,"column":54}},"1":{"start":{"line":4,"column":23},"end":{"line":8,"column":1}},"2":{"start":{"line":5,"column":2},"end":{"line":7,"column":5}},"3":{"start":{"line":6,"column":4},"end":{"line":6,"column":33}},"4":{"start":{"line":10,"column":26},"end":{"line":14,"column":1}},"5":{"start":{"line":11,"column":2},"end":{"line":13,"column":5}},"6":{"start":{"line":12,"column":4},"end":{"line":12,"column":45}},"7":{"start":{"line":16,"column":26},"end":{"line":20,"column":1}},"8":{"start":{"line":17,"column":2},"end":{"line":19,"column":5}},"9":{"start":{"line":18,"column":4},"end":{"line":18,"column":45}},"10":{"start":{"line":22,"column":0},"end":{"line":22,"column":70}}},"fnMap":{"0":{"name":"(anonymous_1)","decl":{"start":{"line":4,"column":23},"end":{"line":4,"column":24}},"loc":{"start":{"line":4,"column":48},"end":{"line":8,"column":1}}},"1":{"name":"(anonymous_2)","decl":{"start":{"line":5,"column":13},"end":{"line":5,"column":14}},"loc":{"start":{"line":5,"column":51},"end":{"line":7,"column":3}}},"2":{"name":"(anonymous_3)","decl":{"start":{"line":10,"column":26},"end":{"line":10,"column":27}},"loc":{"start":{"line":10,"column":51},"end":{"line":14,"column":1}}},"3":{"name":"(anonymous_4)","decl":{"start":{"line":11,"column":13},"end":{"line":11,"column":14}},"loc":{"start":{"line":11,"column":83},"end":{"line":13,"column":3}}},"4":{"name":"(anonymous_5)","decl":{"start":{"line":16,"column":26},"end":{"line":16,"column":27}},"loc":{"start":{"line":16,"column":51},"end":{"line":20,"column":1}}},"5":{"name":"(anonymous_6)","decl":{"start":{"line":17,"column":13},"end":{"line":17,"column":14}},"loc":{"start":{"line":17,"column":83},"end":{"line":19,"column":3}}}},"branchMap":{},"s":{"0":1,"1":1,"2":1,"3":0,"4":1,"5":1,"6":1,"7":1,"8":1,"9":0,"10":1},"f":{"0":1,"1":0,"2":1,"3":1,"4":1,"5":0},"b":{}}
,"/Users/markutley/Development/dungeon2/dungeon-api/src/middleware/index.ts": {"path":"/Users/markutley/Development/dungeon2/dungeon-api/src/middleware/index.ts","statementMap":{"0":{"start":{"line":1,"column":0},"end":{"line":1,"column":null}},"1":{"start":{"line":8,"column":0},"end":{"line":8,"column":42}},"2":{"start":{"line":10,"column":0},"end":{"line":10,"column":93}}},"fnMap":{},"branchMap":{},"s":{"0":1,"1":1,"2":1},"f":{},"b":{}}
,"/Users/markutley/Development/dungeon2/dungeon-api/src/services/character/entity.ts": {"path":"/Users/markutley/Development/dungeon2/dungeon-api/src/services/character/entity.ts","statementMap":{"0":{"start":{"line":1,"column":0},"end":{"line":1,"column":null}},"1":{"start":{"line":14,"column":0},"end":{"line":14,"column":34}},"2":{"start":{"line":15,"column":0},"end":{"line":15,"column":34}},"3":{"start":{"line":16,"column":0},"end":{"line":16,"column":55}},"4":{"start":{"line":17,"column":0},"end":{"line":17,"column":40}},"5":{"start":{"line":18,"column":0},"end":{"line":18,"column":44}},"6":{"start":{"line":19,"column":0},"end":{"line":19,"column":44}},"7":{"start":{"line":20,"column":0},"end":{"line":20,"column":42}},"8":{"start":{"line":21,"column":0},"end":{"line":21,"column":48}},"9":{"start":{"line":22,"column":0},"end":{"line":22,"column":36}},"10":{"start":{"line":23,"column":0},"end":{"line":23,"column":36}},"11":{"start":{"line":24,"column":0},"end":{"line":24,"column":49}},"12":{"start":{"line":27,"column":0},"end":{"line":116,"column":null}},"13":{"start":{"line":30,"column":2},"end":{"line":30,"column":null}},"14":{"start":{"line":33,"column":2},"end":{"line":33,"column":null}},"15":{"start":{"line":36,"column":2},"end":{"line":36,"column":null}},"16":{"start":{"line":35,"column":19},"end":{"line":35,"column":23}},"17":{"start":{"line":35,"column":35},"end":{"line":35,"column":50}},"18":{"start":{"line":40,"column":2},"end":{"line":40,"column":null}},"19":{"start":{"line":39,"column":19},"end":{"line":39,"column":23}},"20":{"start":{"line":44,"column":2},"end":{"line":44,"column":null}},"21":{"start":{"line":43,"column":19},"end":{"line":43,"column":30}},"22":{"start":{"line":48,"column":2},"end":{"line":48,"column":null}},"23":{"start":{"line":47,"column":19},"end":{"line":47,"column":33}},"24":{"start":{"line":52,"column":2},"end":{"line":52,"column":null}},"25":{"start":{"line":50,"column":20},"end":{"line":50,"column":27}},"26":{"start":{"line":56,"column":2},"end":{"line":56,"column":null}},"27":{"start":{"line":54,"column":20},"end":{"line":54,"column":29}},"28":{"start":{"line":60,"column":2},"end":{"line":60,"column":null}},"29":{"start":{"line":58,"column":20},"end":{"line":58,"column":29}},"30":{"start":{"line":64,"column":2},"end":{"line":64,"column":null}},"31":{"start":{"line":62,"column":20},"end":{"line":62,"column":28}},"32":{"start":{"line":68,"column":2},"end":{"line":68,"column":null}},"33":{"start":{"line":66,"column":20},"end":{"line":66,"column":31}},"34":{"start":{"line":72,"column":2},"end":{"line":72,"column":null}},"35":{"start":{"line":70,"column":20},"end":{"line":70,"column":25}},"36":{"start":{"line":76,"column":2},"end":{"line":76,"column":null}},"37":{"start":{"line":74,"column":20},"end":{"line":74,"column":25}},"38":{"start":{"line":79,"column":2},"end":{"line":79,"column":null}},"39":{"start":{"line":82,"column":2},"end":{"line":82,"column":null}},"40":{"start":{"line":85,"column":2},"end":{"line":85,"column":null}},"41":{"start":{"line":88,"column":2},"end":{"line":88,"column":null}},"42":{"start":{"line":91,"column":2},"end":{"line":91,"column":null}},"43":{"start":{"line":94,"column":2},"end":{"line":94,"column":null}},"44":{"start":{"line":97,"column":2},"end":{"line":97,"column":null}},"45":{"start":{"line":100,"column":2},"end":{"line":100,"column":null}},"46":{"start":{"line":103,"column":2},"end":{"line":103,"column":null}},"47":{"start":{"line":106,"column":2},"end":{"line":106,"column":null}},"48":{"start":{"line":109,"column":2},"end":{"line":109,"column":null}},"49":{"start":{"line":112,"column":2},"end":{"line":112,"column":null}},"50":{"start":{"line":115,"column":2},"end":{"line":115,"column":null}},"51":{"start":{"line":27,"column":6},"end":{"line":116,"column":null}},"52":{"start":{"line":118,"column":0},"end":{"line":118,"column":25}}},"fnMap":{"0":{"name":"(anonymous_3)","decl":{"start":{"line":35,"column":13},"end":{"line":35,"column":16}},"loc":{"start":{"line":35,"column":19},"end":{"line":35,"column":23}}},"1":{"name":"(anonymous_4)","decl":{"start":{"line":35,"column":25},"end":{"line":35,"column":26}},"loc":{"start":{"line":35,"column":35},"end":{"line":35,"column":50}}},"2":{"name":"(anonymous_5)","decl":{"start":{"line":39,"column":13},"end":{"line":39,"column":16}},"loc":{"start":{"line":39,"column":19},"end":{"line":39,"column":23}}},"3":{"name":"(anonymous_6)","decl":{"start":{"line":43,"column":13},"end":{"line":43,"column":16}},"loc":{"start":{"line":43,"column":19},"end":{"line":43,"column":30}}},"4":{"name":"(anonymous_7)","decl":{"start":{"line":47,"column":13},"end":{"line":47,"column":16}},"loc":{"start":{"line":47,"column":19},"end":{"line":47,"column":33}}},"5":{"name":"(anonymous_8)","decl":{"start":{"line":50,"column":14},"end":{"line":50,"column":17}},"loc":{"start":{"line":50,"column":20},"end":{"line":50,"column":27}}},"6":{"name":"(anonymous_9)","decl":{"start":{"line":54,"column":14},"end":{"line":54,"column":17}},"loc":{"start":{"line":54,"column":20},"end":{"line":54,"column":29}}},"7":{"name":"(anonymous_10)","decl":{"start":{"line":58,"column":14},"end":{"line":58,"column":17}},"loc":{"start":{"line":58,"column":20},"end":{"line":58,"column":29}}},"8":{"name":"(anonymous_11)","decl":{"start":{"line":62,"column":14},"end":{"line":62,"column":17}},"loc":{"start":{"line":62,"column":20},"end":{"line":62,"column":28}}},"9":{"name":"(anonymous_12)","decl":{"start":{"line":66,"column":14},"end":{"line":66,"column":17}},"loc":{"start":{"line":66,"column":20},"end":{"line":66,"column":31}}},"10":{"name":"(anonymous_13)","decl":{"start":{"line":70,"column":14},"end":{"line":70,"column":17}},"loc":{"start":{"line":70,"column":20},"end":{"line":70,"column":25}}},"11":{"name":"(anonymous_14)","decl":{"start":{"line":74,"column":14},"end":{"line":74,"column":17}},"loc":{"start":{"line":74,"column":20},"end":{"line":74,"column":25}}}},"branchMap":{},"s":{"0":1,"1":1,"2":1,"3":1,"4":1,"5":1,"6":1,"7":1,"8":1,"9":1,"10":1,"11":1,"12":1,"13":1,"14":1,"15":1,"16":0,"17":0,"18":1,"19":0,"20":1,"21":0,"22":1,"23":0,"24":1,"25":0,"26":1,"27":0,"28":1,"29":0,"30":1,"31":0,"32":1,"33":0,"34":1,"35":0,"36":1,"37":0,"38":1,"39":1,"40":1,"41":1,"42":1,"43":1,"44":1,"45":1,"46":1,"47":1,"48":1,"49":1,"50":1,"51":1,"52":1},"f":{"0":0,"1":0,"2":0,"3":0,"4":0,"5":0,"6":0,"7":0,"8":0,"9":0,"10":0,"11":0},"b":{}}
,"/Users/markutley/Development/dungeon2/dungeon-api/src/services/character/routes.ts": {"path":"/Users/markutley/Development/dungeon2/dungeon-api/src/services/character/routes.ts","statementMap":{"0":{"start":{"line":2,"column":0},"end":{"line":2,"column":67}},"1":{"start":{"line":4,"column":24},"end":{"line":16,"column":2}},"2":{"start":{"line":10,"column":59},"end":{"line":13,"column":null}},"3":{"start":{"line":11,"column":27},"end":{"line":11,"column":52}},"4":{"start":{"line":12,"column":8},"end":{"line":12,"column":57}},"5":{"start":{"line":18,"column":0},"end":{"line":18,"column":31}}},"fnMap":{"0":{"name":"(anonymous_7)","decl":{"start":{"line":10,"column":6},"end":{"line":10,"column":13}},"loc":{"start":{"line":10,"column":59},"end":{"line":13,"column":null}}},"1":{"name":"(anonymous_8)","decl":{"start":{"line":10,"column":59},"end":{"line":10,"column":null}},"loc":{"start":{"line":10,"column":59},"end":{"line":13,"column":7}}}},"branchMap":{"0":{"loc":{"start":{"line":11,"column":27},"end":{"line":11,"column":46}},"type":"binary-expr","locations":[{"start":{"line":11,"column":27},"end":{"line":11,"column":46}},{"start":{"line":11,"column":50},"end":{"line":11,"column":52}}]}},"s":{"0":1,"1":1,"2":0,"3":0,"4":0,"5":1},"f":{"0":0,"1":0},"b":{"0":[0,0]}}
,"/Users/markutley/Development/dungeon2/dungeon-api/src/services/character_class/entity.ts": {"path":"/Users/markutley/Development/dungeon2/dungeon-api/src/services/character_class/entity.ts","statementMap":{"0":{"start":{"line":1,"column":0},"end":{"line":1,"column":null}},"1":{"start":{"line":10,"column":0},"end":{"line":23,"column":null}},"2":{"start":{"line":12,"column":2},"end":{"line":12,"column":null}},"3":{"start":{"line":16,"column":2},"end":{"line":16,"column":null}},"4":{"start":{"line":19,"column":2},"end":{"line":19,"column":null}},"5":{"start":{"line":22,"column":2},"end":{"line":22,"column":null}},"6":{"start":{"line":10,"column":6},"end":{"line":23,"column":null}},"7":{"start":{"line":25,"column":0},"end":{"line":25,"column":30}}},"fnMap":{},"branchMap":{},"s":{"0":1,"1":1,"2":1,"3":1,"4":1,"5":1,"6":1,"7":1},"f":{},"b":{}}
,"/Users/markutley/Development/dungeon2/dungeon-api/src/services/condition/entity.ts": {"path":"/Users/markutley/Development/dungeon2/dungeon-api/src/services/condition/entity.ts","statementMap":{"0":{"start":{"line":1,"column":0},"end":{"line":1,"column":null}},"1":{"start":{"line":10,"column":0},"end":{"line":20,"column":null}},"2":{"start":{"line":12,"column":2},"end":{"line":12,"column":null}},"3":{"start":{"line":16,"column":2},"end":{"line":16,"column":null}},"4":{"start":{"line":19,"column":2},"end":{"line":19,"column":null}},"5":{"start":{"line":10,"column":6},"end":{"line":20,"column":null}},"6":{"start":{"line":22,"column":0},"end":{"line":22,"column":25}}},"fnMap":{},"branchMap":{},"s":{"0":1,"1":1,"2":1,"3":1,"4":1,"5":1,"6":1},"f":{},"b":{}}
,"/Users/markutley/Development/dungeon2/dungeon-api/src/services/equipment/entity.ts": {"path":"/Users/markutley/Development/dungeon2/dungeon-api/src/services/equipment/entity.ts","statementMap":{"0":{"start":{"line":1,"column":0},"end":{"line":1,"column":null}},"1":{"start":{"line":10,"column":0},"end":{"line":20,"column":null}},"2":{"start":{"line":12,"column":2},"end":{"line":12,"column":null}},"3":{"start":{"line":16,"column":2},"end":{"line":16,"column":null}},"4":{"start":{"line":19,"column":2},"end":{"line":19,"column":null}},"5":{"start":{"line":10,"column":6},"end":{"line":20,"column":null}},"6":{"start":{"line":22,"column":0},"end":{"line":22,"column":25}}},"fnMap":{},"branchMap":{},"s":{"0":1,"1":1,"2":1,"3":1,"4":1,"5":1,"6":1},"f":{},"b":{}}
,"/Users/markutley/Development/dungeon2/dungeon-api/src/services/feature/entity.ts": {"path":"/Users/markutley/Development/dungeon2/dungeon-api/src/services/feature/entity.ts","statementMap":{"0":{"start":{"line":1,"column":0},"end":{"line":1,"column":null}},"1":{"start":{"line":10,"column":0},"end":{"line":20,"column":null}},"2":{"start":{"line":12,"column":2},"end":{"line":12,"column":null}},"3":{"start":{"line":16,"column":2},"end":{"line":16,"column":null}},"4":{"start":{"line":19,"column":2},"end":{"line":19,"column":null}},"5":{"start":{"line":10,"column":6},"end":{"line":20,"column":null}},"6":{"start":{"line":22,"column":0},"end":{"line":22,"column":23}}},"fnMap":{},"branchMap":{},"s":{"0":1,"1":1,"2":1,"3":1,"4":1,"5":1,"6":1},"f":{},"b":{}}
,"/Users/markutley/Development/dungeon2/dungeon-api/src/services/language/entity.ts": {"path":"/Users/markutley/Development/dungeon2/dungeon-api/src/services/language/entity.ts","statementMap":{"0":{"start":{"line":1,"column":0},"end":{"line":1,"column":null}},"1":{"start":{"line":10,"column":0},"end":{"line":20,"column":null}},"2":{"start":{"line":12,"column":2},"end":{"line":12,"column":null}},"3":{"start":{"line":16,"column":2},"end":{"line":16,"column":null}},"4":{"start":{"line":19,"column":2},"end":{"line":19,"column":null}},"5":{"start":{"line":10,"column":6},"end":{"line":20,"column":null}},"6":{"start":{"line":22,"column":0},"end":{"line":22,"column":24}}},"fnMap":{},"branchMap":{},"s":{"0":1,"1":1,"2":1,"3":1,"4":1,"5":1,"6":1},"f":{},"b":{}}
,"/Users/markutley/Development/dungeon2/dungeon-api/src/services/magic_school/entity.ts": {"path":"/Users/markutley/Development/dungeon2/dungeon-api/src/services/magic_school/entity.ts","statementMap":{"0":{"start":{"line":1,"column":0},"end":{"line":1,"column":null}},"1":{"start":{"line":10,"column":0},"end":{"line":20,"column":null}},"2":{"start":{"line":12,"column":2},"end":{"line":12,"column":null}},"3":{"start":{"line":16,"column":2},"end":{"line":16,"column":null}},"4":{"start":{"line":19,"column":2},"end":{"line":19,"column":null}},"5":{"start":{"line":10,"column":6},"end":{"line":20,"column":null}},"6":{"start":{"line":22,"column":0},"end":{"line":22,"column":27}}},"fnMap":{},"branchMap":{},"s":{"0":1,"1":1,"2":1,"3":1,"4":1,"5":1,"6":1},"f":{},"b":{}}
,"/Users/markutley/Development/dungeon2/dungeon-api/src/services/proficiency/entity.ts": {"path":"/Users/markutley/Development/dungeon2/dungeon-api/src/services/proficiency/entity.ts","statementMap":{"0":{"start":{"line":1,"column":0},"end":{"line":1,"column":null}},"1":{"start":{"line":10,"column":0},"end":{"line":20,"column":null}},"2":{"start":{"line":12,"column":2},"end":{"line":12,"column":null}},"3":{"start":{"line":16,"column":2},"end":{"line":16,"column":null}},"4":{"start":{"line":19,"column":2},"end":{"line":19,"column":null}},"5":{"start":{"line":10,"column":6},"end":{"line":20,"column":null}},"6":{"start":{"line":22,"column":0},"end":{"line":22,"column":27}}},"fnMap":{},"branchMap":{},"s":{"0":1,"1":1,"2":1,"3":1,"4":1,"5":1,"6":1},"f":{},"b":{}}
,"/Users/markutley/Development/dungeon2/dungeon-api/src/services/race/entity.ts": {"path":"/Users/markutley/Development/dungeon2/dungeon-api/src/services/race/entity.ts","statementMap":{"0":{"start":{"line":1,"column":0},"end":{"line":1,"column":null}},"1":{"start":{"line":10,"column":0},"end":{"line":20,"column":null}},"2":{"start":{"line":12,"column":2},"end":{"line":12,"column":null}},"3":{"start":{"line":16,"column":2},"end":{"line":16,"column":null}},"4":{"start":{"line":19,"column":2},"end":{"line":19,"column":null}},"5":{"start":{"line":10,"column":6},"end":{"line":20,"column":null}},"6":{"start":{"line":22,"column":0},"end":{"line":22,"column":20}}},"fnMap":{},"branchMap":{},"s":{"0":1,"1":1,"2":1,"3":1,"4":1,"5":1,"6":1},"f":{},"b":{}}
,"/Users/markutley/Development/dungeon2/dungeon-api/src/services/skill/entity.ts": {"path":"/Users/markutley/Development/dungeon2/dungeon-api/src/services/skill/entity.ts","statementMap":{"0":{"start":{"line":1,"column":0},"end":{"line":1,"column":null}},"1":{"start":{"line":10,"column":0},"end":{"line":20,"column":null}},"2":{"start":{"line":12,"column":2},"end":{"line":12,"column":null}},"3":{"start":{"line":16,"column":2},"end":{"line":16,"column":null}},"4":{"start":{"line":19,"column":2},"end":{"line":19,"column":null}},"5":{"start":{"line":10,"column":6},"end":{"line":20,"column":null}},"6":{"start":{"line":22,"column":0},"end":{"line":22,"column":21}}},"fnMap":{},"branchMap":{},"s":{"0":1,"1":1,"2":1,"3":1,"4":1,"5":1,"6":1},"f":{},"b":{}}
,"/Users/markutley/Development/dungeon2/dungeon-api/src/services/spell/entity.ts": {"path":"/Users/markutley/Development/dungeon2/dungeon-api/src/services/spell/entity.ts","statementMap":{"0":{"start":{"line":1,"column":0},"end":{"line":1,"column":null}},"1":{"start":{"line":10,"column":0},"end":{"line":20,"column":null}},"2":{"start":{"line":12,"column":2},"end":{"line":12,"column":null}},"3":{"start":{"line":16,"column":2},"end":{"line":16,"column":null}},"4":{"start":{"line":19,"column":2},"end":{"line":19,"column":null}},"5":{"start":{"line":10,"column":6},"end":{"line":20,"column":null}},"6":{"start":{"line":22,"column":0},"end":{"line":22,"column":21}}},"fnMap":{},"branchMap":{},"s":{"0":1,"1":1,"2":1,"3":1,"4":1,"5":1,"6":1},"f":{},"b":{}}
,"/Users/markutley/Development/dungeon2/dungeon-api/src/services/user/entity.ts": {"path":"/Users/markutley/Development/dungeon2/dungeon-api/src/services/user/entity.ts","statementMap":{"0":{"start":{"line":1,"column":0},"end":{"line":1,"column":28}},"1":{"start":{"line":2,"column":0},"end":{"line":2,"column":null}},"2":{"start":{"line":13,"column":0},"end":{"line":13,"column":33}},"3":{"start":{"line":14,"column":0},"end":{"line":14,"column":37}},"4":{"start":{"line":15,"column":0},"end":{"line":15,"column":40}},"5":{"start":{"line":17,"column":0},"end":{"line":17,"column":57}},"6":{"start":{"line":18,"column":0},"end":{"line":18,"column":44}},"7":{"start":{"line":26,"column":10},"end":{"line":85,"column":null}},"8":{"start":{"line":55,"column":27},"end":{"line":55,"column":58}},"9":{"start":{"line":56,"column":4},"end":{"line":56,"column":35}},"10":{"start":{"line":60,"column":4},"end":{"line":60,"column":51}},"11":{"start":{"line":64,"column":23},"end":{"line":64,"column":53}},"12":{"start":{"line":65,"column":4},"end":{"line":65,"column":40}},"13":{"start":{"line":69,"column":31},"end":{"line":69,"column":53}},"14":{"start":{"line":70,"column":24},"end":{"line":70,"column":70}},"15":{"start":{"line":72,"column":25},"end":{"line":81,"column":16}},"16":{"start":{"line":83,"column":4},"end":{"line":83,"column":69}},"17":{"start":{"line":29,"column":2},"end":{"line":29,"column":null}},"18":{"start":{"line":33,"column":2},"end":{"line":33,"column":null}},"19":{"start":{"line":36,"column":2},"end":{"line":36,"column":null}},"20":{"start":{"line":39,"column":2},"end":{"line":39,"column":null}},"21":{"start":{"line":42,"column":2},"end":{"line":42,"column":null}},"22":{"start":{"line":45,"column":2},"end":{"line":45,"column":null}},"23":{"start":{"line":44,"column":19},"end":{"line":44,"column":28}},"24":{"start":{"line":44,"column":45},"end":{"line":44,"column":59}},"25":{"start":{"line":48,"column":2},"end":{"line":48,"column":null}},"26":{"start":{"line":51,"column":2},"end":{"line":51,"column":null}},"27":{"start":{"line":54,"column":2},"end":{"line":57,"column":null}},"28":{"start":{"line":26,"column":6},"end":{"line":85,"column":null}},"29":{"start":{"line":87,"column":0},"end":{"line":87,"column":20}}},"fnMap":{"0":{"name":"(anonymous_11)","decl":{"start":{"line":54,"column":8},"end":{"line":54,"column":20}},"loc":{"start":{"line":54,"column":53},"end":{"line":57,"column":null}}},"1":{"name":"(anonymous_13)","decl":{"start":{"line":59,"column":8},"end":{"line":59,"column":20}},"loc":{"start":{"line":59,"column":37},"end":{"line":61,"column":null}}},"2":{"name":"(anonymous_15)","decl":{"start":{"line":63,"column":2},"end":{"line":63,"column":8}},"loc":{"start":{"line":63,"column":40},"end":{"line":66,"column":3}}},"3":{"name":"(anonymous_16)","decl":{"start":{"line":68,"column":2},"end":{"line":68,"column":8}},"loc":{"start":{"line":68,"column":52},"end":{"line":84,"column":null}}},"4":{"name":"(anonymous_18)","decl":{"start":{"line":44,"column":13},"end":{"line":44,"column":16}},"loc":{"start":{"line":44,"column":19},"end":{"line":44,"column":28}}},"5":{"name":"(anonymous_19)","decl":{"start":{"line":44,"column":30},"end":{"line":44,"column":31}},"loc":{"start":{"line":44,"column":45},"end":{"line":44,"column":59}}}},"branchMap":{"0":{"loc":{"start":{"line":54,"column":40},"end":{"line":54,"column":53}},"type":"default-arg","locations":[{"start":{"line":54,"column":40},"end":{"line":54,"column":53}}]}},"s":{"0":1,"1":1,"2":1,"3":1,"4":1,"5":1,"6":1,"7":1,"8":0,"9":0,"10":0,"11":0,"12":0,"13":0,"14":0,"15":0,"16":0,"17":1,"18":1,"19":1,"20":1,"21":1,"22":1,"23":0,"24":0,"25":1,"26":1,"27":1,"28":1,"29":1},"f":{"0":0,"1":0,"2":0,"3":0,"4":0,"5":0},"b":{"0":[0]}}
,"/Users/markutley/Development/dungeon2/dungeon-api/src/utils/ErrorHandler.ts": {"path":"/Users/markutley/Development/dungeon2/dungeon-api/src/utils/ErrorHandler.ts","statementMap":{"0":{"start":{"line":2,"column":0},"end":{"line":2,"column":68}},"1":{"start":{"line":3,"column":0},"end":{"line":3,"column":37}},"2":{"start":{"line":5,"column":13},"end":{"line":7,"column":2}},"3":{"start":{"line":6,"column":2},"end":{"line":6,"column":46}},"4":{"start":{"line":9,"column":13},"end":{"line":16,"column":2}},"5":{"start":{"line":10,"column":2},"end":{"line":15,"column":null}},"6":{"start":{"line":11,"column":4},"end":{"line":11,"column":55}},"7":{"start":{"line":12,"column":4},"end":{"line":12,"column":64}},"8":{"start":{"line":14,"column":4},"end":{"line":14,"column":16}},"9":{"start":{"line":18,"column":13},"end":{"line":25,"column":2}},"10":{"start":{"line":19,"column":2},"end":{"line":19,"column":53}},"11":{"start":{"line":20,"column":2},"end":{"line":24,"column":null}},"12":{"start":{"line":21,"column":4},"end":{"line":21,"column":61}},"13":{"start":{"line":23,"column":4},"end":{"line":23,"column":38}}},"fnMap":{"0":{"name":"(anonymous_1)","decl":{"start":{"line":5,"column":29},"end":{"line":5,"column":38}},"loc":{"start":{"line":5,"column":40},"end":{"line":7,"column":1}}},"1":{"name":"(anonymous_2)","decl":{"start":{"line":9,"column":27},"end":{"line":9,"column":28}},"loc":{"start":{"line":9,"column":85},"end":{"line":16,"column":1}}},"2":{"name":"(anonymous_3)","decl":{"start":{"line":18,"column":27},"end":{"line":18,"column":28}},"loc":{"start":{"line":18,"column":85},"end":{"line":25,"column":1}}}},"branchMap":{"0":{"loc":{"start":{"line":10,"column":2},"end":{"line":15,"column":null}},"type":"if","locations":[{"start":{"line":10,"column":2},"end":{"line":15,"column":null}},{"start":{"line":10,"column":2},"end":{"line":15,"column":null}}]},"1":{"loc":{"start":{"line":20,"column":2},"end":{"line":24,"column":null}},"type":"if","locations":[{"start":{"line":20,"column":2},"end":{"line":24,"column":null}},{"start":{"line":20,"column":2},"end":{"line":24,"column":null}}]}},"s":{"0":1,"1":1,"2":1,"3":0,"4":1,"5":1,"6":1,"7":1,"8":0,"9":1,"10":0,"11":0,"12":0,"13":0},"f":{"0":0,"1":1,"2":0},"b":{"0":[1,0],"1":[0,0]}}
,"/Users/markutley/Development/dungeon2/dungeon-api/src/utils/Logger.ts": {"path":"/Users/markutley/Development/dungeon2/dungeon-api/src/utils/Logger.ts","statementMap":{"0":{"start":{"line":1,"column":0},"end":{"line":1,"column":28}},"1":{"start":{"line":2,"column":0},"end":{"line":2,"column":42}},"2":{"start":{"line":4,"column":0},"end":{"line":4,"column":16}},"3":{"start":{"line":5,"column":17},"end":{"line":5,"column":73}},"4":{"start":{"line":7,"column":21},"end":{"line":14,"column":2}},"5":{"start":{"line":8,"column":2},"end":{"line":12,"column":null}},"6":{"start":{"line":9,"column":4},"end":{"line":9,"column":82}},"7":{"start":{"line":11,"column":4},"end":{"line":11,"column":67}},"8":{"start":{"line":13,"column":2},"end":{"line":13,"column":14}},"9":{"start":{"line":16,"column":15},"end":{"line":28,"column":2}},"10":{"start":{"line":30,"column":0},"end":{"line":30,"column":22}}},"fnMap":{"0":{"name":"(anonymous_2)","decl":{"start":{"line":7,"column":28},"end":{"line":7,"column":29}},"loc":{"start":{"line":7,"column":37},"end":{"line":14,"column":1}}}},"branchMap":{"0":{"loc":{"start":{"line":5,"column":57},"end":{"line":5,"column":63}},"type":"cond-expr","locations":[{"start":{"line":5,"column":57},"end":{"line":5,"column":63}},{"start":{"line":5,"column":66},"end":{"line":5,"column":73}}]},"1":{"loc":{"start":{"line":8,"column":2},"end":{"line":12,"column":null}},"type":"if","locations":[{"start":{"line":8,"column":2},"end":{"line":12,"column":null}},{"start":{"line":8,"column":2},"end":{"line":12,"column":null}}]}},"s":{"0":1,"1":1,"2":1,"3":1,"4":1,"5":2,"6":2,"7":0,"8":2,"9":1,"10":1},"f":{"0":2},"b":{"0":[0,1],"1":[2,0]}}
,"/Users/markutley/Development/dungeon2/dungeon-api/src/utils/TokenManager.ts": {"path":"/Users/markutley/Development/dungeon2/dungeon-api/src/utils/TokenManager.ts","statementMap":{"0":{"start":{"line":1,"column":0},"end":{"line":1,"column":28}},"1":{"start":{"line":2,"column":0},"end":{"line":2,"column":43}},"2":{"start":{"line":5,"column":0},"end":{"line":5,"column":16}},"3":{"start":{"line":11,"column":13},"end":{"line":13,"column":2}},"4":{"start":{"line":12,"column":2},"end":{"line":12,"column":98}},"5":{"start":{"line":15,"column":13},"end":{"line":22,"column":2}},"6":{"start":{"line":16,"column":2},"end":{"line":21,"column":null}},"7":{"start":{"line":17,"column":19},"end":{"line":17,"column":70}},"8":{"start":{"line":18,"column":4},"end":{"line":18,"column":31}},"9":{"start":{"line":20,"column":4},"end":{"line":20,"column":15}}},"fnMap":{"0":{"name":"(anonymous_1)","decl":{"start":{"line":11,"column":25},"end":{"line":11,"column":26}},"loc":{"start":{"line":11,"column":48},"end":{"line":13,"column":1}}},"1":{"name":"(anonymous_2)","decl":{"start":{"line":15,"column":26},"end":{"line":15,"column":27}},"loc":{"start":{"line":15,"column":55},"end":{"line":22,"column":1}}}},"branchMap":{},"s":{"0":1,"1":1,"2":1,"3":1,"4":0,"5":1,"6":0,"7":0,"8":0,"9":0},"f":{"0":0,"1":0},"b":{}}
,"/Users/markutley/Development/dungeon2/dungeon-api/src/utils/httpErrors.ts": {"path":"/Users/markutley/Development/dungeon2/dungeon-api/src/utils/httpErrors.ts","statementMap":{"0":{"start":{"line":6,"column":4},"end":{"line":10,"column":null}},"1":{"start":{"line":7,"column":6},"end":{"line":7,"column":37}},"2":{"start":{"line":9,"column":6},"end":{"line":9,"column":21}},"3":{"start":{"line":11,"column":4},"end":{"line":11,"column":38}},"4":{"start":{"line":12,"column":4},"end":{"line":12,"column":52}},"5":{"start":{"line":1,"column":0},"end":{"line":1,"column":22}},"6":{"start":{"line":20,"column":4},"end":{"line":20,"column":19}},"7":{"start":{"line":17,"column":11},"end":{"line":17,"column":28}},"8":{"start":{"line":16,"column":0},"end":{"line":16,"column":13}},"9":{"start":{"line":28,"column":4},"end":{"line":28,"column":19}},"10":{"start":{"line":25,"column":11},"end":{"line":25,"column":28}},"11":{"start":{"line":24,"column":0},"end":{"line":24,"column":13}}},"fnMap":{"0":{"name":"(anonymous_0)","decl":{"start":{"line":5,"column":2},"end":{"line":5,"column":14}},"loc":{"start":{"line":5,"column":38},"end":{"line":13,"column":3}}},"1":{"name":"(anonymous_1)","decl":{"start":{"line":19,"column":2},"end":{"line":19,"column":14}},"loc":{"start":{"line":19,"column":54},"end":{"line":21,"column":3}}},"2":{"name":"(anonymous_2)","decl":{"start":{"line":27,"column":2},"end":{"line":27,"column":14}},"loc":{"start":{"line":27,"column":52},"end":{"line":29,"column":3}}}},"branchMap":{"0":{"loc":{"start":{"line":6,"column":4},"end":{"line":10,"column":null}},"type":"if","locations":[{"start":{"line":6,"column":4},"end":{"line":10,"column":null}},{"start":{"line":6,"column":4},"end":{"line":10,"column":null}}]},"1":{"loc":{"start":{"line":19,"column":41},"end":{"line":19,"column":54}},"type":"default-arg","locations":[{"start":{"line":19,"column":41},"end":{"line":19,"column":54}}]},"2":{"loc":{"start":{"line":27,"column":41},"end":{"line":27,"column":52}},"type":"default-arg","locations":[{"start":{"line":27,"column":41},"end":{"line":27,"column":52}}]}},"s":{"0":1,"1":0,"2":1,"3":1,"4":1,"5":1,"6":1,"7":1,"8":1,"9":0,"10":0,"11":1},"f":{"0":1,"1":1,"2":0},"b":{"0":[0,1],"1":[0],"2":[0]}}
,"/Users/markutley/Development/dungeon2/dungeon-api/src/utils/index.ts": {"path":"/Users/markutley/Development/dungeon2/dungeon-api/src/utils/index.ts","statementMap":{"0":{"start":{"line":5,"column":13},"end":{"line":7,"column":2}},"1":{"start":{"line":6,"column":2},"end":{"line":6,"column":43}},"2":{"start":{"line":6,"column":29},"end":{"line":6,"column":41}},"3":{"start":{"line":21,"column":13},"end":{"line":31,"column":2}},"4":{"start":{"line":22,"column":2},"end":{"line":30,"column":5}},"5":{"start":{"line":23,"column":38},"end":{"line":23,"column":43}},"6":{"start":{"line":29,"column":5},"end":{"line":29,"column":43}}},"fnMap":{"0":{"name":"(anonymous_0)","decl":{"start":{"line":5,"column":31},"end":{"line":5,"column":32}},"loc":{"start":{"line":5,"column":79},"end":{"line":7,"column":1}}},"1":{"name":"(anonymous_1)","decl":{"start":{"line":6,"column":21},"end":{"line":6,"column":25}},"loc":{"start":{"line":6,"column":29},"end":{"line":6,"column":41}}},"2":{"name":"(anonymous_2)","decl":{"start":{"line":21,"column":27},"end":{"line":21,"column":28}},"loc":{"start":{"line":21,"column":69},"end":{"line":31,"column":1}}},"3":{"name":"(anonymous_3)","decl":{"start":{"line":22,"column":17},"end":{"line":22,"column":22}},"loc":{"start":{"line":22,"column":25},"end":{"line":30,"column":3}}}},"branchMap":{},"s":{"0":1,"1":2,"2":8,"3":1,"4":1,"5":1,"6":1},"f":{"0":2,"1":8,"2":1,"3":1},"b":{}}
}
