TN:
SF:/Users/markutley/Development/dungeon2/dungeon-api/src/middleware/apiDocs.ts
FN:5,(anonymous_1)
FNF:1
FNH:1
FNDA:1,(anonymous_1)
DA:2,1
DA:3,1
DA:5,1
DA:6,1
LF:4
LH:4
BRF:0
BRH:0
end_of_record
TN:
SF:/Users/markutley/Development/dungeon2/dungeon-api/src/middleware/checks.ts
FN:5,(anonymous_8)
FN:12,(anonymous_9)
FN:21,(anonymous_10)
FN:25,(anonymous_11)
FN:47,(anonymous_12)
FN:51,(anonymous_13)
FN:72,(anonymous_14)
FN:76,(anonymous_15)
FN:90,(anonymous_16)
FN:103,(anonymous_17)
FN:107,(anonymous_18)
FNF:11
FNH:2
FNDA:0,(anonymous_8)
FNDA:0,(anonymous_9)
FNDA:0,(anonymous_10)
FNDA:0,(anonymous_11)
FNDA:1,(anonymous_12)
FNDA:1,(anonymous_13)
FNDA:0,(anonymous_14)
FNDA:0,(anonymous_15)
FNDA:0,(anonymous_16)
FNDA:0,(anonymous_17)
FNDA:0,(anonymous_18)
DA:2,1
DA:3,1
DA:5,1
DA:10,0
DA:11,0
DA:12,0
DA:14,0
DA:15,0
DA:17,0
DA:21,1
DA:25,0
DA:26,0
DA:27,0
DA:28,0
DA:30,0
DA:31,0
DA:34,0
DA:36,0
DA:37,0
DA:40,0
DA:41,0
DA:43,0
DA:47,1
DA:51,1
DA:52,1
DA:53,1
DA:55,1
DA:56,1
DA:59,0
DA:61,0
DA:62,0
DA:65,0
DA:66,0
DA:68,1
DA:72,1
DA:76,0
DA:77,0
DA:78,0
DA:79,0
DA:80,0
DA:81,0
DA:84,0
DA:86,0
DA:90,1
DA:95,0
DA:96,0
DA:97,0
DA:100,0
DA:103,1
DA:107,0
DA:108,0
DA:109,0
DA:110,0
DA:111,0
DA:113,0
DA:114,0
DA:117,0
DA:118,0
DA:120,0
LF:59
LH:14
BRDA:14,0,0,0
BRDA:14,0,1,0
BRDA:30,1,0,0
BRDA:30,1,1,0
BRDA:36,2,0,0
BRDA:36,2,1,0
BRDA:55,3,0,1
BRDA:55,3,1,0
BRDA:61,4,0,0
BRDA:61,4,1,0
BRDA:80,5,0,0
BRDA:80,5,1,0
BRDA:96,6,0,0
BRDA:96,6,1,0
BRDA:111,7,0,0
BRDA:111,7,1,0
BRDA:111,8,0,0
BRDA:111,8,1,0
BRDA:113,9,0,0
BRDA:113,9,1,0
BRDA:113,10,0,0
BRDA:113,10,1,0
BRF:22
BRH:1
end_of_record
TN:
SF:/Users/markutley/Development/dungeon2/dungeon-api/src/middleware/common.ts
FN:7,(anonymous_1)
FN:11,(anonymous_2)
FN:16,(anonymous_3)
FN:20,(anonymous_4)
FN:21,(anonymous_5)
FNF:5
FNH:5
FNDA:1,(anonymous_1)
FNDA:1,(anonymous_2)
FNDA:1,(anonymous_3)
FNDA:1,(anonymous_4)
FNDA:1,(anonymous_5)
DA:2,1
DA:3,1
DA:4,1
DA:5,1
DA:7,1
DA:8,1
DA:11,1
DA:12,1
DA:13,1
DA:16,1
DA:17,1
DA:20,1
DA:21,1
DA:22,1
DA:23,1
LF:15
LH:15
BRF:0
BRH:0
end_of_record
TN:
SF:/Users/markutley/Development/dungeon2/dungeon-api/src/middleware/errorHandlers.ts
FN:4,(anonymous_1)
FN:5,(anonymous_2)
FN:10,(anonymous_3)
FN:11,(anonymous_4)
FN:16,(anonymous_5)
FN:17,(anonymous_6)
FNF:6
FNH:4
FNDA:1,(anonymous_1)
FNDA:0,(anonymous_2)
FNDA:1,(anonymous_3)
FNDA:1,(anonymous_4)
FNDA:1,(anonymous_5)
FNDA:0,(anonymous_6)
DA:2,1
DA:4,1
DA:5,1
DA:6,0
DA:10,1
DA:11,1
DA:12,1
DA:16,1
DA:17,1
DA:18,0
DA:22,1
LF:11
LH:9
BRF:0
BRH:0
end_of_record
TN:
SF:/Users/markutley/Development/dungeon2/dungeon-api/src/middleware/index.ts
FNF:0
FNH:0
DA:1,1
DA:8,1
DA:10,1
LF:3
LH:3
BRF:0
BRH:0
end_of_record
TN:
SF:/Users/markutley/Development/dungeon2/dungeon-api/src/services/character/entity.ts
FN:35,(anonymous_3)
FN:35,(anonymous_4)
FN:39,(anonymous_5)
FN:43,(anonymous_6)
FN:47,(anonymous_7)
FN:50,(anonymous_8)
FN:54,(anonymous_9)
FN:58,(anonymous_10)
FN:62,(anonymous_11)
FN:66,(anonymous_12)
FN:70,(anonymous_13)
FN:74,(anonymous_14)
FNF:12
FNH:0
FNDA:0,(anonymous_3)
FNDA:0,(anonymous_4)
FNDA:0,(anonymous_5)
FNDA:0,(anonymous_6)
FNDA:0,(anonymous_7)
FNDA:0,(anonymous_8)
FNDA:0,(anonymous_9)
FNDA:0,(anonymous_10)
FNDA:0,(anonymous_11)
FNDA:0,(anonymous_12)
FNDA:0,(anonymous_13)
FNDA:0,(anonymous_14)
DA:1,1
DA:14,1
DA:15,1
DA:16,1
DA:17,1
DA:18,1
DA:19,1
DA:20,1
DA:21,1
DA:22,1
DA:23,1
DA:24,1
DA:27,1
DA:30,1
DA:33,1
DA:35,0
DA:36,1
DA:39,0
DA:40,1
DA:43,0
DA:44,1
DA:47,0
DA:48,1
DA:50,0
DA:52,1
DA:54,0
DA:56,1
DA:58,0
DA:60,1
DA:62,0
DA:64,1
DA:66,0
DA:68,1
DA:70,0
DA:72,1
DA:74,0
DA:76,1
DA:79,1
DA:82,1
DA:85,1
DA:88,1
DA:91,1
DA:94,1
DA:97,1
DA:100,1
DA:103,1
DA:106,1
DA:109,1
DA:112,1
DA:115,1
DA:118,1
LF:51
LH:40
BRF:0
BRH:0
end_of_record
TN:
SF:/Users/markutley/Development/dungeon2/dungeon-api/src/services/character/routes.ts
FN:10,(anonymous_7)
FN:10,(anonymous_8)
FNF:2
FNH:0
FNDA:0,(anonymous_7)
FNDA:0,(anonymous_8)
DA:2,1
DA:4,1
DA:10,0
DA:11,0
DA:12,0
DA:18,1
LF:6
LH:3
BRDA:11,0,0,0
BRDA:11,0,1,0
BRF:2
BRH:0
end_of_record
TN:
SF:/Users/markutley/Development/dungeon2/dungeon-api/src/services/character_class/entity.ts
FNF:0
FNH:0
DA:1,1
DA:10,1
DA:12,1
DA:16,1
DA:19,1
DA:22,1
DA:25,1
LF:7
LH:7
BRF:0
BRH:0
end_of_record
TN:
SF:/Users/markutley/Development/dungeon2/dungeon-api/src/services/condition/entity.ts
FNF:0
FNH:0
DA:1,1
DA:10,1
DA:12,1
DA:16,1
DA:19,1
DA:22,1
LF:6
LH:6
BRF:0
BRH:0
end_of_record
TN:
SF:/Users/markutley/Development/dungeon2/dungeon-api/src/services/equipment/entity.ts
FNF:0
FNH:0
DA:1,1
DA:10,1
DA:12,1
DA:16,1
DA:19,1
DA:22,1
LF:6
LH:6
BRF:0
BRH:0
end_of_record
TN:
SF:/Users/markutley/Development/dungeon2/dungeon-api/src/services/feature/entity.ts
FNF:0
FNH:0
DA:1,1
DA:10,1
DA:12,1
DA:16,1
DA:19,1
DA:22,1
LF:6
LH:6
BRF:0
BRH:0
end_of_record
TN:
SF:/Users/markutley/Development/dungeon2/dungeon-api/src/services/language/entity.ts
FNF:0
FNH:0
DA:1,1
DA:10,1
DA:12,1
DA:16,1
DA:19,1
DA:22,1
LF:6
LH:6
BRF:0
BRH:0
end_of_record
TN:
SF:/Users/markutley/Development/dungeon2/dungeon-api/src/services/magic_school/entity.ts
FNF:0
FNH:0
DA:1,1
DA:10,1
DA:12,1
DA:16,1
DA:19,1
DA:22,1
LF:6
LH:6
BRF:0
BRH:0
end_of_record
TN:
SF:/Users/markutley/Development/dungeon2/dungeon-api/src/services/proficiency/entity.ts
FNF:0
FNH:0
DA:1,1
DA:10,1
DA:12,1
DA:16,1
DA:19,1
DA:22,1
LF:6
LH:6
BRF:0
BRH:0
end_of_record
TN:
SF:/Users/markutley/Development/dungeon2/dungeon-api/src/services/race/entity.ts
FNF:0
FNH:0
DA:1,1
DA:10,1
DA:12,1
DA:16,1
DA:19,1
DA:22,1
LF:6
LH:6
BRF:0
BRH:0
end_of_record
TN:
SF:/Users/markutley/Development/dungeon2/dungeon-api/src/services/skill/entity.ts
FNF:0
FNH:0
DA:1,1
DA:10,1
DA:12,1
DA:16,1
DA:19,1
DA:22,1
LF:6
LH:6
BRF:0
BRH:0
end_of_record
TN:
SF:/Users/markutley/Development/dungeon2/dungeon-api/src/services/spell/entity.ts
FNF:0
FNH:0
DA:1,1
DA:10,1
DA:12,1
DA:16,1
DA:19,1
DA:22,1
LF:6
LH:6
BRF:0
BRH:0
end_of_record
TN:
SF:/Users/markutley/Development/dungeon2/dungeon-api/src/services/user/entity.ts
FN:54,(anonymous_11)
FN:59,(anonymous_13)
FN:63,(anonymous_15)
FN:68,(anonymous_16)
FN:44,(anonymous_18)
FN:44,(anonymous_19)
FNF:6
FNH:0
FNDA:0,(anonymous_11)
FNDA:0,(anonymous_13)
FNDA:0,(anonymous_15)
FNDA:0,(anonymous_16)
FNDA:0,(anonymous_18)
FNDA:0,(anonymous_19)
DA:1,1
DA:2,1
DA:13,1
DA:14,1
DA:15,1
DA:17,1
DA:18,1
DA:26,1
DA:29,1
DA:33,1
DA:36,1
DA:39,1
DA:42,1
DA:44,0
DA:45,1
DA:48,1
DA:51,1
DA:54,1
DA:55,0
DA:56,0
DA:60,0
DA:64,0
DA:65,0
DA:69,0
DA:70,0
DA:72,0
DA:83,0
DA:87,1
LF:28
LH:18
BRDA:54,0,0,0
BRF:1
BRH:0
end_of_record
TN:
SF:/Users/markutley/Development/dungeon2/dungeon-api/src/utils/ErrorHandler.ts
FN:5,(anonymous_1)
FN:9,(anonymous_2)
FN:18,(anonymous_3)
FNF:3
FNH:1
FNDA:0,(anonymous_1)
FNDA:1,(anonymous_2)
FNDA:0,(anonymous_3)
DA:2,1
DA:3,1
DA:5,1
DA:6,0
DA:9,1
DA:10,1
DA:11,1
DA:12,1
DA:14,0
DA:18,1
DA:19,0
DA:20,0
DA:21,0
DA:23,0
LF:14
LH:8
BRDA:10,0,0,1
BRDA:10,0,1,0
BRDA:20,1,0,0
BRDA:20,1,1,0
BRF:4
BRH:1
end_of_record
TN:
SF:/Users/markutley/Development/dungeon2/dungeon-api/src/utils/Logger.ts
FN:7,(anonymous_2)
FNF:1
FNH:1
FNDA:2,(anonymous_2)
DA:1,1
DA:2,1
DA:4,1
DA:5,1
DA:7,1
DA:8,2
DA:9,2
DA:11,0
DA:13,2
DA:16,1
DA:30,1
LF:11
LH:10
BRDA:5,0,0,0
BRDA:5,0,1,1
BRDA:8,1,0,2
BRDA:8,1,1,0
BRF:4
BRH:2
end_of_record
TN:
SF:/Users/markutley/Development/dungeon2/dungeon-api/src/utils/TokenManager.ts
FN:11,(anonymous_1)
FN:15,(anonymous_2)
FNF:2
FNH:0
FNDA:0,(anonymous_1)
FNDA:0,(anonymous_2)
DA:1,1
DA:2,1
DA:5,1
DA:11,1
DA:12,0
DA:15,1
DA:16,0
DA:17,0
DA:18,0
DA:20,0
LF:10
LH:5
BRF:0
BRH:0
end_of_record
TN:
SF:/Users/markutley/Development/dungeon2/dungeon-api/src/utils/httpErrors.ts
FN:5,(anonymous_0)
FN:19,(anonymous_1)
FN:27,(anonymous_2)
FNF:3
FNH:2
FNDA:1,(anonymous_0)
FNDA:1,(anonymous_1)
FNDA:0,(anonymous_2)
DA:1,1
DA:6,1
DA:7,0
DA:9,1
DA:11,1
DA:12,1
DA:16,1
DA:17,1
DA:20,1
DA:24,1
DA:25,0
DA:28,0
LF:12
LH:9
BRDA:6,0,0,0
BRDA:6,0,1,1
BRDA:19,1,0,0
BRDA:27,2,0,0
BRF:4
BRH:1
end_of_record
TN:
SF:/Users/markutley/Development/dungeon2/dungeon-api/src/utils/index.ts
FN:5,(anonymous_0)
FN:6,(anonymous_1)
FN:21,(anonymous_2)
FN:22,(anonymous_3)
FNF:4
FNH:4
FNDA:2,(anonymous_0)
FNDA:8,(anonymous_1)
FNDA:1,(anonymous_2)
FNDA:1,(anonymous_3)
DA:5,1
DA:6,8
DA:21,1
DA:22,1
DA:23,1
DA:29,1
LF:6
LH:6
BRF:0
BRH:0
end_of_record
